[2022-04-21 11:26:00] [info] Start Program:
Path:"C:\Users\Radu\Desktop\workspace\visualC-workspace\lab6_7_good2\x64\Debug\lab6_7_good2.exe"
Arguments:
Working directory: "C:\Users\Radu\Desktop\workspace\visualC-workspace\lab6_7_good2\"
Modules: Selected: C:\Users\Radu\Desktop\workspace\visualC-workspace\lab6_7_good2\x64\Debug\lab6_7_good2.exe Excluded: 
Sources: Selected: C:\Users\Radu\Desktop\workspace\visualC-workspace\lab6_7_good2 Excluded: menu.cpp menu.h 
Log Level: Normal
Cover Children: 0
Aggregate by file: 1
Continue after C++ exception: 0
Optimized build support: 0
Export: Binary C:\Users\Radu\AppData\Local\Temp\12w3tr1c.0vu 
Input coverage: 
Unified diff: 
Excluded line regular expressions: 
Substitute pdb source paths: 

[2022-04-21 11:26:00] [info] Module: C:\Users\Radu\Desktop\workspace\visualC-workspace\lab6_7_good2\x64\Debug\lab6_7_good2.exe is selected because it matches selected pattern: C:\Users\Radu\Desktop\workspace\visualC-workspace\lab6_7_good2\x64\Debug\lab6_7_good2.exe
[2022-04-21 11:26:02] [info] ----------------------------------------------------
[2022-04-21 11:26:02] [info] Coverage binary generated in file: C:\Users\Radu\AppData\Local\Temp\12w3tr1c.0vu
[2022-04-21 11:26:02] [info] ----------------------------------------------------
